2025-02-08 12:22:41,649 - INFO - Stored article: UK Is Ordering Apple to Break Its Own Encryption
2025-02-08 12:22:42,663 - INFO - Duplicate found (exact link match): https://www.schneier.com/blog/archives/2025/02/friday-squid-blogging-the-colossal-squid.html
2025-02-08 12:22:42,663 - INFO - Skipping duplicate article: https://www.schneier.com/blog/archives/2025/02/friday-squid-blogging-the-colossal-squid.html
2025-02-08 12:22:42,664 - INFO - Duplicate found (exact link match): https://www.schneier.com/blog/archives/2025/02/screenshot-reading-malware.html
2025-02-08 12:22:42,664 - INFO - Skipping duplicate article: https://www.schneier.com/blog/archives/2025/02/screenshot-reading-malware.html
2025-02-08 12:22:42,666 - INFO - Duplicate found (exact link match): https://www.schneier.com/blog/archives/2025/02/ais-and-robots-should-sound-robotic.html
2025-02-08 12:22:42,666 - INFO - Skipping duplicate article: https://www.schneier.com/blog/archives/2025/02/ais-and-robots-should-sound-robotic.html
2025-02-08 12:22:42,667 - INFO - Duplicate found (exact link match): https://www.schneier.com/blog/archives/2025/02/on-generative-ai-security.html
2025-02-08 12:22:42,667 - INFO - Skipping duplicate article: https://www.schneier.com/blog/archives/2025/02/on-generative-ai-security.html
2025-02-08 12:22:42,667 - INFO - Duplicate found (exact link match): https://www.schneier.com/blog/archives/2025/02/deepfakes-and-the-2024-us-election.html
2025-02-08 12:22:42,668 - INFO - Skipping duplicate article: https://www.schneier.com/blog/archives/2025/02/deepfakes-and-the-2024-us-election.html
2025-02-08 12:22:42,668 - INFO - Duplicate found (exact link match): https://www.schneier.com/blog/archives/2025/02/journalists-and-civil-society-members-using-whatsapp-targeted-by-paragon-spyware.html
2025-02-08 12:22:42,668 - INFO - Skipping duplicate article: https://www.schneier.com/blog/archives/2025/02/journalists-and-civil-society-members-using-whatsapp-targeted-by-paragon-spyware.html
2025-02-08 12:22:42,669 - INFO - Duplicate found (exact link match): https://www.schneier.com/blog/archives/2025/01/friday-squid-blogging-on-squid-brains-2.html
2025-02-08 12:22:42,669 - INFO - Skipping duplicate article: https://www.schneier.com/blog/archives/2025/01/friday-squid-blogging-on-squid-brains-2.html
2025-02-08 12:22:42,669 - INFO - Duplicate found (exact link match): https://www.schneier.com/blog/archives/2025/01/fake-reddit-and-wetransfer-sites-are-pushing-malware.html
2025-02-08 12:22:42,670 - INFO - Skipping duplicate article: https://www.schneier.com/blog/archives/2025/01/fake-reddit-and-wetransfer-sites-are-pushing-malware.html
2025-02-08 12:22:42,670 - INFO - Duplicate found (exact link match): https://www.schneier.com/blog/archives/2025/01/exxonmobil-lobbyist-caught-hacking-climate-activists.html
2025-02-08 12:22:42,670 - INFO - Skipping duplicate article: https://www.schneier.com/blog/archives/2025/01/exxonmobil-lobbyist-caught-hacking-climate-activists.html
2025-02-08 15:24:08,602 - INFO - Duplicate found (exact link match): https://www.schneier.com/blog/archives/2025/02/uk-is-ordering-apple-to-break-its-own-encryption.html
2025-02-08 15:24:08,602 - INFO - Skipping duplicate article: https://www.schneier.com/blog/archives/2025/02/uk-is-ordering-apple-to-break-its-own-encryption.html
2025-02-08 15:24:08,603 - INFO - Duplicate found (exact link match): https://www.schneier.com/blog/archives/2025/02/friday-squid-blogging-the-colossal-squid.html
2025-02-08 15:24:08,603 - INFO - Skipping duplicate article: https://www.schneier.com/blog/archives/2025/02/friday-squid-blogging-the-colossal-squid.html
2025-02-08 15:24:08,604 - INFO - Duplicate found (exact link match): https://www.schneier.com/blog/archives/2025/02/screenshot-reading-malware.html
2025-02-08 15:24:08,604 - INFO - Skipping duplicate article: https://www.schneier.com/blog/archives/2025/02/screenshot-reading-malware.html
2025-02-08 15:24:08,604 - INFO - Duplicate found (exact link match): https://www.schneier.com/blog/archives/2025/02/ais-and-robots-should-sound-robotic.html
2025-02-08 15:24:08,604 - INFO - Skipping duplicate article: https://www.schneier.com/blog/archives/2025/02/ais-and-robots-should-sound-robotic.html
2025-02-08 15:24:08,605 - INFO - Duplicate found (exact link match): https://www.schneier.com/blog/archives/2025/02/on-generative-ai-security.html
2025-02-08 15:24:08,605 - INFO - Skipping duplicate article: https://www.schneier.com/blog/archives/2025/02/on-generative-ai-security.html
2025-02-08 15:24:08,606 - INFO - Duplicate found (exact link match): https://www.schneier.com/blog/archives/2025/02/deepfakes-and-the-2024-us-election.html
2025-02-08 15:24:08,606 - INFO - Skipping duplicate article: https://www.schneier.com/blog/archives/2025/02/deepfakes-and-the-2024-us-election.html
2025-02-08 15:24:08,606 - INFO - Duplicate found (exact link match): https://www.schneier.com/blog/archives/2025/02/journalists-and-civil-society-members-using-whatsapp-targeted-by-paragon-spyware.html
2025-02-08 15:24:08,607 - INFO - Skipping duplicate article: https://www.schneier.com/blog/archives/2025/02/journalists-and-civil-society-members-using-whatsapp-targeted-by-paragon-spyware.html
2025-02-08 15:24:08,607 - INFO - Duplicate found (exact link match): https://www.schneier.com/blog/archives/2025/01/friday-squid-blogging-on-squid-brains-2.html
2025-02-08 15:24:08,607 - INFO - Skipping duplicate article: https://www.schneier.com/blog/archives/2025/01/friday-squid-blogging-on-squid-brains-2.html
2025-02-08 15:24:08,608 - INFO - Duplicate found (exact link match): https://www.schneier.com/blog/archives/2025/01/fake-reddit-and-wetransfer-sites-are-pushing-malware.html
2025-02-08 15:24:08,608 - INFO - Skipping duplicate article: https://www.schneier.com/blog/archives/2025/01/fake-reddit-and-wetransfer-sites-are-pushing-malware.html
2025-02-08 15:24:08,609 - INFO - Duplicate found (exact link match): https://www.schneier.com/blog/archives/2025/01/exxonmobil-lobbyist-caught-hacking-climate-activists.html
2025-02-08 15:24:08,609 - INFO - Skipping duplicate article: https://www.schneier.com/blog/archives/2025/01/exxonmobil-lobbyist-caught-hacking-climate-activists.html
2025-02-08 18:11:35,570 - INFO - Duplicate found (exact link match): https://www.schneier.com/blog/archives/2025/02/uk-is-ordering-apple-to-break-its-own-encryption.html
2025-02-08 18:11:35,571 - INFO - Skipping duplicate article: https://www.schneier.com/blog/archives/2025/02/uk-is-ordering-apple-to-break-its-own-encryption.html
2025-02-08 18:11:35,580 - INFO - Stored article: Friday Squid Blogging: The Colossal Squid
2025-02-08 18:11:36,589 - INFO - Stored article: Screenshot-Reading Malware
2025-02-08 18:11:37,606 - INFO - Stored article: AIs and Robots Should Sound Robotic
2025-02-08 18:11:38,636 - INFO - Stored article: On Generative AI Security
2025-02-08 18:11:39,660 - INFO - Stored article: Deepfakes and the 2024 US Election
2025-02-08 18:11:40,688 - INFO - Stored article: Journalists and Civil Society Members Using WhatsApp Targeted by Paragon Spyware
2025-02-08 18:11:41,712 - INFO - Stored article: Friday Squid Blogging: On Squid Brains
2025-02-08 18:11:42,727 - INFO - Stored article: Fake Reddit and WeTransfer Sites are Pushing Malware
2025-02-08 18:11:43,755 - INFO - Stored article: ExxonMobil Lobbyist Caught Hacking Climate Activists
