2025-02-09 10:22:00,283 - INFO - Fetching RSS feed from https://securelist.com/feed/
2025-02-09 10:22:01,329 - INFO - Found 10 articles in feed
2025-02-09 10:22:01,329 - INFO - Processing: Investors, Trump and the Illuminati: What the “Nigerian prince” scams became in 2024
2025-02-09 10:22:01,555 - INFO - Stored article: Investors, Trump and the Illuminati: What the “Nigerian prince” scams became in 2024
2025-02-09 10:22:03,574 - INFO - Processing: Take my money: OCR crypto stealers in Google Play and App Store
2025-02-09 10:22:04,106 - INFO - Stored article: Take my money: OCR crypto stealers in Google Play and App Store
2025-02-09 10:22:06,108 - INFO - Processing: One policy to rule them all
2025-02-09 10:22:06,640 - INFO - Stored article: One policy to rule them all
2025-02-09 10:22:08,661 - INFO - Processing: No need to RSVP: a closer look at the Tria stealer campaign
2025-02-09 10:22:09,175 - INFO - Stored article: No need to RSVP: a closer look at the Tria stealer campaign
2025-02-09 10:22:11,192 - INFO - Processing: Threat predictions for industrial enterprises 2025
2025-02-09 10:22:11,702 - INFO - Stored article: Threat predictions for industrial enterprises 2025
2025-02-09 10:22:13,717 - INFO - Processing: Mercedes-Benz Head Unit security research report
2025-02-09 10:22:14,282 - INFO - Stored article: Mercedes-Benz Head Unit security research report
2025-02-09 10:22:16,303 - INFO - Processing: EAGERBEE, with updated and novel components, targets the Middle East
2025-02-09 10:22:16,852 - INFO - Stored article: EAGERBEE, with updated and novel components, targets the Middle East
2025-02-09 10:22:18,870 - INFO - Processing: Threat landscape for industrial automation systems in Q3 2024
2025-02-09 10:22:19,372 - INFO - Stored article: Threat landscape for industrial automation systems in Q3 2024
2025-02-09 10:22:21,387 - INFO - Processing: Cloud Atlas seen using a new tool in its attacks
2025-02-09 10:22:21,894 - INFO - Stored article: Cloud Atlas seen using a new tool in its attacks
2025-02-09 10:22:23,908 - INFO - Processing: BellaCPP: Discovering a new BellaCiao variant written in C++
2025-02-09 10:22:24,404 - INFO - Stored article: BellaCPP: Discovering a new BellaCiao variant written in C++
2025-02-09 10:22:26,414 - INFO - 
Final Statistics:
2025-02-09 10:22:26,415 - INFO - Total articles in database from Securelist: 10
2025-02-09 11:34:32,235 - INFO - Fetching RSS feed from https://securelist.com/feed/
2025-02-09 11:34:33,311 - INFO - Found 10 articles in feed
2025-02-09 11:34:33,311 - INFO - Processing: Investors, Trump and the Illuminati: What the “Nigerian prince” scams became in 2024
2025-02-09 11:34:33,567 - INFO - Duplicate found (exact link match): https://securelist.com/nigerian-scams-2024/115388/
2025-02-09 11:34:33,567 - INFO - Skipping duplicate article: Investors, Trump and the Illuminati: What the “Nigerian prince” scams became in 2024
2025-02-09 11:34:35,570 - INFO - Processing: Take my money: OCR crypto stealers in Google Play and App Store
2025-02-09 11:34:36,102 - INFO - Duplicate found (exact link match): https://securelist.com/sparkcat-stealer-in-app-store-and-google-play/115385/
2025-02-09 11:34:36,102 - INFO - Skipping duplicate article: Take my money: OCR crypto stealers in Google Play and App Store
2025-02-09 11:34:38,103 - INFO - Processing: One policy to rule them all
2025-02-09 11:34:38,646 - INFO - Duplicate found (exact link match): https://securelist.com/group-policies-in-cyberattacks/115331/
2025-02-09 11:34:38,647 - INFO - Skipping duplicate article: One policy to rule them all
2025-02-09 11:34:40,655 - INFO - Processing: No need to RSVP: a closer look at the Tria stealer campaign
2025-02-09 11:34:41,158 - INFO - Duplicate found (exact link match): https://securelist.com/tria-stealer-collects-sms-data-from-android-devices/115295/
2025-02-09 11:34:41,159 - INFO - Skipping duplicate article: No need to RSVP: a closer look at the Tria stealer campaign
2025-02-09 11:34:43,174 - INFO - Processing: Threat predictions for industrial enterprises 2025
2025-02-09 11:34:43,669 - INFO - Duplicate found (exact link match): https://securelist.com/industrial-threat-predictions-2025/115327/
2025-02-09 11:34:43,669 - INFO - Skipping duplicate article: Threat predictions for industrial enterprises 2025
2025-02-09 11:34:45,683 - INFO - Processing: Mercedes-Benz Head Unit security research report
2025-02-09 11:34:46,253 - INFO - Duplicate found (exact link match): https://securelist.com/mercedes-benz-head-unit-security-research/115218/
2025-02-09 11:34:46,254 - INFO - Skipping duplicate article: Mercedes-Benz Head Unit security research report
2025-02-09 11:34:48,255 - INFO - Processing: EAGERBEE, with updated and novel components, targets the Middle East
2025-02-09 11:34:48,818 - INFO - Duplicate found (exact link match): https://securelist.com/eagerbee-backdoor/115175/
2025-02-09 11:34:48,818 - INFO - Skipping duplicate article: EAGERBEE, with updated and novel components, targets the Middle East
2025-02-09 11:34:50,824 - INFO - Processing: Threat landscape for industrial automation systems in Q3 2024
2025-02-09 11:34:51,352 - INFO - Stored article: Threat landscape for industrial automation systems in Q3 2024
2025-02-09 11:34:53,362 - INFO - Processing: Cloud Atlas seen using a new tool in its attacks
2025-02-09 11:34:53,876 - INFO - Stored article: Cloud Atlas seen using a new tool in its attacks
2025-02-09 11:34:55,893 - INFO - Processing: BellaCPP: Discovering a new BellaCiao variant written in C++
2025-02-09 11:34:56,420 - INFO - Stored article: BellaCPP: Discovering a new BellaCiao variant written in C++
2025-02-09 11:34:58,439 - INFO - 
Final Statistics:
2025-02-09 11:34:58,439 - INFO - Total articles in database from Securelist: 10
